<?xml version="1.0" encoding="UTF-8"?>
<testsuite xmlns:xsi="http://www.w3.org/2001/XMLSchema-instance" xsi:noNamespaceSchemaLocation="https://maven.apache.org/surefire/maven-surefire-plugin/xsd/surefire-test-report-3.0.xsd" version="3.0" name="com.Atividade06.EstoqueTest" time="0.13" tests="5" errors="0" skipped="0" failures="0">
  <properties>
[...]
</properties>
  <testcase name="testAdicionarProduto" classname="com.Atividade06.EstoqueTest" time="0.052"/>
  <testcase name="testRemoverProduto" classname="com.Atividade06.EstoqueTest" time="0.0"/>
  <testcase name="testBuscarProdutoExistente" classname="com.Atividade06.EstoqueTest" time="0.008"/>
  <testcase name="testListarProdutos" classname="com.Atividade06.EstoqueTest" time="0.003"/>
  <testcase name="testBuscarProdutoNaoExistente" classname="com.Atividade06.EstoqueTest" time="0.003"/>
</testsuite>